mode: set
github.com/go-diskimages/dmg/format.go:16.29,16.45 1 1
github.com/go-diskimages/dmg/format.go:20.58,21.20 1 1
github.com/go-diskimages/dmg/format.go:21.20,23.3 1 1
github.com/go-diskimages/dmg/format.go:24.2,26.59 3 1
github.com/go-diskimages/dmg/format.go:32.49,34.16 2 1
github.com/go-diskimages/dmg/format.go:34.16,35.50 1 1
github.com/go-diskimages/dmg/format.go:35.50,37.4 1 1
github.com/go-diskimages/dmg/format.go:38.3,38.20 1 1
github.com/go-diskimages/dmg/format.go:40.2,40.18 1 1
github.com/go-diskimages/dmg/format.go:45.57,47.16 2 1
github.com/go-diskimages/dmg/format.go:47.16,49.3 1 1
github.com/go-diskimages/dmg/format.go:50.2,50.56 1 1
github.com/go-diskimages/dmg/format.go:50.56,52.3 1 1
github.com/go-diskimages/dmg/format.go:53.2,54.30 2 1
github.com/go-diskimages/dmg/format.go:60.61,61.23 1 1
github.com/go-diskimages/dmg/format.go:61.23,63.3 1 1
github.com/go-diskimages/dmg/format.go:64.2,65.16 2 1
github.com/go-diskimages/dmg/format.go:65.16,67.3 1 1
github.com/go-diskimages/dmg/format.go:68.2,70.31 3 1
github.com/go-diskimages/dmg/format.go:70.31,72.3 1 1
github.com/go-diskimages/dmg/format.go:73.2,74.30 2 1
github.com/go-diskimages/dmg/format.go:74.30,77.3 2 1
github.com/go-diskimages/dmg/format.go:77.8,79.3 1 1
github.com/go-diskimages/dmg/format.go:80.2,80.55 1 1
github.com/go-diskimages/dmg/format.go:84.41,86.16 2 1
github.com/go-diskimages/dmg/format.go:86.16,88.3 1 1
github.com/go-diskimages/dmg/format.go:89.2,91.16 3 1
github.com/go-diskimages/dmg/format.go:91.16,93.3 1 1
github.com/go-diskimages/dmg/format.go:94.2,95.48 2 1
github.com/go-diskimages/dmg/format.go:95.48,97.3 1 1
github.com/go-diskimages/dmg/format.go:98.2,98.12 1 1
github.com/go-diskimages/dmg/udif.go:33.56,33.75 1 1
github.com/go-diskimages/dmg/udif.go:36.71,36.98 1 1
github.com/go-diskimages/dmg/udif.go:39.59,39.80 1 1
github.com/go-diskimages/dmg/udif.go:42.62,42.90 1 1
github.com/go-diskimages/dmg/udif.go:45.67,45.95 1 1
github.com/go-diskimages/dmg/udif.go:48.42,48.62 1 1
github.com/go-diskimages/dmg/udif.go:96.45,97.28 1 1
github.com/go-diskimages/dmg/udif.go:97.28,99.3 1 1
github.com/go-diskimages/dmg/udif.go:100.2,100.50 1 1
github.com/go-diskimages/dmg/udif.go:100.50,102.3 1 1
github.com/go-diskimages/dmg/udif.go:103.2,122.15 5 1
github.com/go-diskimages/dmg/udif.go:125.51,152.2 24 1
github.com/go-diskimages/dmg/udif.go:170.61,171.29 1 1
github.com/go-diskimages/dmg/udif.go:171.29,173.3 1 1
github.com/go-diskimages/dmg/udif.go:174.2,174.50 1 1
github.com/go-diskimages/dmg/udif.go:174.50,176.3 1 1
github.com/go-diskimages/dmg/udif.go:177.2,178.34 2 1
github.com/go-diskimages/dmg/udif.go:178.34,180.3 1 1
github.com/go-diskimages/dmg/udif.go:181.2,187.22 3 1
github.com/go-diskimages/dmg/udif.go:187.22,196.3 2 1
github.com/go-diskimages/dmg/udif.go:197.2,197.21 1 1
github.com/go-diskimages/dmg/udif.go:202.74,214.25 11 1
github.com/go-diskimages/dmg/udif.go:214.25,221.3 6 1
github.com/go-diskimages/dmg/udif.go:222.2,222.12 1 1
github.com/go-diskimages/dmg/udif.go:229.81,231.21 2 1
github.com/go-diskimages/dmg/udif.go:232.28,232.28 0 1
github.com/go-diskimages/dmg/udif.go:234.15,235.80 1 1
github.com/go-diskimages/dmg/udif.go:235.80,237.4 1 1
github.com/go-diskimages/dmg/udif.go:238.16,240.81 2 1
github.com/go-diskimages/dmg/udif.go:240.81,242.4 1 1
github.com/go-diskimages/dmg/udif.go:243.3,244.17 2 1
github.com/go-diskimages/dmg/udif.go:244.17,246.4 1 1
github.com/go-diskimages/dmg/udif.go:247.3,248.49 2 1
github.com/go-diskimages/dmg/udif.go:248.49,250.4 1 1
github.com/go-diskimages/dmg/udif.go:251.17,253.81 2 1
github.com/go-diskimages/dmg/udif.go:253.81,255.4 1 1
github.com/go-diskimages/dmg/udif.go:256.3,257.17 2 1
github.com/go-diskimages/dmg/udif.go:257.17,259.4 1 1
github.com/go-diskimages/dmg/udif.go:260.3,260.27 1 1
github.com/go-diskimages/dmg/udif.go:260.27,262.4 1 1
github.com/go-diskimages/dmg/udif.go:263.3,263.17 1 1
github.com/go-diskimages/dmg/udif.go:264.16,264.16 0 0
github.com/go-diskimages/dmg/udif.go:266.10,267.77 1 1
github.com/go-diskimages/dmg/udif.go:269.2,269.17 1 1
github.com/go-diskimages/dmg/udif.go:274.34,275.22 1 1
github.com/go-diskimages/dmg/udif.go:275.22,276.13 1 1
github.com/go-diskimages/dmg/udif.go:276.13,278.4 1 1
github.com/go-diskimages/dmg/udif.go:280.2,280.13 1 1
github.com/go-diskimages/dmg/udif.go:284.58,292.2 3 1
github.com/go-diskimages/dmg/udif.go:298.59,302.21 4 1
github.com/go-diskimages/dmg/udif.go:302.21,304.12 2 1
github.com/go-diskimages/dmg/udif.go:304.12,306.4 1 1
github.com/go-diskimages/dmg/udif.go:307.3,320.8 11 1
github.com/go-diskimages/dmg/udif.go:322.2,323.23 2 1
github.com/go-diskimages/dmg/udif.go:327.61,331.21 4 1
github.com/go-diskimages/dmg/udif.go:331.21,334.85 3 1
github.com/go-diskimages/dmg/udif.go:334.85,336.4 1 1
github.com/go-diskimages/dmg/udif.go:337.3,338.11 2 1
github.com/go-diskimages/dmg/udif.go:338.11,341.4 1 1
github.com/go-diskimages/dmg/udif.go:341.9,347.4 4 1
github.com/go-diskimages/dmg/udif.go:348.3,348.8 1 1
github.com/go-diskimages/dmg/udif.go:350.2,351.23 2 1
github.com/go-diskimages/dmg/udif.go:364.62,368.45 3 1
github.com/go-diskimages/dmg/udif.go:368.45,370.3 1 1
github.com/go-diskimages/dmg/udif.go:371.2,371.28 1 1
github.com/go-diskimages/dmg/udif.go:374.36,376.52 2 1
github.com/go-diskimages/dmg/udif.go:376.52,377.51 1 1
github.com/go-diskimages/dmg/udif.go:377.51,379.4 1 1
github.com/go-diskimages/dmg/udif.go:381.2,381.18 1 1
github.com/go-diskimages/dmg/udif.go:385.46,387.6 2 1
github.com/go-diskimages/dmg/udif.go:387.6,389.17 2 1
github.com/go-diskimages/dmg/udif.go:389.17,391.4 1 1
github.com/go-diskimages/dmg/udif.go:392.3,393.10 2 1
github.com/go-diskimages/dmg/udif.go:393.10,394.12 1 1
github.com/go-diskimages/dmg/udif.go:396.3,396.28 1 1
github.com/go-diskimages/dmg/udif.go:396.28,398.52 2 1
github.com/go-diskimages/dmg/udif.go:398.52,400.5 1 1
github.com/go-diskimages/dmg/udif.go:401.4,401.15 1 1
github.com/go-diskimages/dmg/udif.go:402.9,402.58 1 1
github.com/go-diskimages/dmg/udif.go:402.58,404.4 1 1
github.com/go-diskimages/dmg/udif.go:410.64,412.6 2 1
github.com/go-diskimages/dmg/udif.go:412.6,414.17 2 1
github.com/go-diskimages/dmg/udif.go:414.17,416.4 1 1
github.com/go-diskimages/dmg/udif.go:417.3,417.26 1 1
github.com/go-diskimages/dmg/udif.go:418.25,419.30 1 1
github.com/go-diskimages/dmg/udif.go:419.30,421.19 2 1
github.com/go-diskimages/dmg/udif.go:421.19,423.6 1 1
github.com/go-diskimages/dmg/udif.go:424.5,424.32 1 1
github.com/go-diskimages/dmg/udif.go:426.23,427.31 1 1
github.com/go-diskimages/dmg/udif.go:427.31,429.5 1 1
github.com/go-diskimages/dmg/udif.go:436.66,439.6 3 1
github.com/go-diskimages/dmg/udif.go:439.6,441.17 2 1
github.com/go-diskimages/dmg/udif.go:441.17,443.4 1 1
github.com/go-diskimages/dmg/udif.go:444.3,444.26 1 1
github.com/go-diskimages/dmg/udif.go:445.25,446.24 1 1
github.com/go-diskimages/dmg/udif.go:447.15,449.53 2 1
github.com/go-diskimages/dmg/udif.go:449.53,451.6 1 1
github.com/go-diskimages/dmg/udif.go:452.5,452.16 1 1
github.com/go-diskimages/dmg/udif.go:453.18,455.53 2 1
github.com/go-diskimages/dmg/udif.go:455.53,457.6 1 1
github.com/go-diskimages/dmg/udif.go:458.5,458.20 1 1
github.com/go-diskimages/dmg/udif.go:459.23,460.25 1 1
github.com/go-diskimages/dmg/udif.go:461.15,462.17 1 1
github.com/go-diskimages/dmg/udif.go:463.17,464.19 1 1
github.com/go-diskimages/dmg/udif.go:466.16,468.53 2 1
github.com/go-diskimages/dmg/udif.go:468.53,470.6 1 1
github.com/go-diskimages/dmg/udif.go:471.5,473.19 3 1
github.com/go-diskimages/dmg/udif.go:473.19,475.6 1 1
github.com/go-diskimages/dmg/udif.go:476.5,476.24 1 1
github.com/go-diskimages/dmg/udif.go:477.12,478.38 1 1
github.com/go-diskimages/dmg/udif.go:478.38,480.6 1 1
github.com/go-diskimages/dmg/udif.go:482.23,483.30 1 1
github.com/go-diskimages/dmg/udif.go:483.30,485.5 1 1
github.com/go-diskimages/dmg/udif.go:491.51,496.29 5 1
github.com/go-diskimages/dmg/udif.go:496.29,503.3 6 1
github.com/go-diskimages/dmg/udif.go:504.2,505.28 2 1
github.com/go-diskimages/dmg/udif.go:512.65,514.16 2 1
github.com/go-diskimages/dmg/udif.go:514.16,516.3 1 1
github.com/go-diskimages/dmg/udif.go:517.2,519.16 3 1
github.com/go-diskimages/dmg/udif.go:519.16,521.3 1 1
github.com/go-diskimages/dmg/udif.go:522.2,522.33 1 1
github.com/go-diskimages/dmg/udif.go:522.33,524.3 1 1
github.com/go-diskimages/dmg/udif.go:525.2,526.75 2 1
github.com/go-diskimages/dmg/udif.go:526.75,528.3 1 1
github.com/go-diskimages/dmg/udif.go:529.2,530.16 2 1
github.com/go-diskimages/dmg/udif.go:530.16,532.3 1 1
github.com/go-diskimages/dmg/udif.go:534.2,534.27 1 1
github.com/go-diskimages/dmg/udif.go:534.27,536.3 1 1
github.com/go-diskimages/dmg/udif.go:537.2,538.70 2 1
github.com/go-diskimages/dmg/udif.go:538.70,540.3 1 1
github.com/go-diskimages/dmg/udif.go:541.2,542.16 2 1
github.com/go-diskimages/dmg/udif.go:542.16,544.3 1 1
github.com/go-diskimages/dmg/udif.go:545.2,546.29 2 1
github.com/go-diskimages/dmg/udif.go:546.29,548.17 2 1
github.com/go-diskimages/dmg/udif.go:548.17,550.4 1 1
github.com/go-diskimages/dmg/udif.go:551.3,551.68 1 1
github.com/go-diskimages/dmg/udif.go:551.68,553.4 1 1
github.com/go-diskimages/dmg/udif.go:556.2,556.30 1 1
github.com/go-diskimages/dmg/udif.go:556.30,558.33 2 1
github.com/go-diskimages/dmg/udif.go:558.33,560.4 1 1
github.com/go-diskimages/dmg/udif.go:562.2,562.27 1 1
github.com/go-diskimages/dmg/udif.go:566.94,567.25 1 1
github.com/go-diskimages/dmg/udif.go:567.25,568.30 1 1
github.com/go-diskimages/dmg/udif.go:568.30,569.9 1 1
github.com/go-diskimages/dmg/udif.go:571.3,572.17 2 1
github.com/go-diskimages/dmg/udif.go:572.17,574.4 1 1
github.com/go-diskimages/dmg/udif.go:575.3,576.30 2 1
github.com/go-diskimages/dmg/udif.go:578.2,578.12 1 1
github.com/go-diskimages/dmg/udif.go:583.67,587.17 4 1
github.com/go-diskimages/dmg/udif.go:588.32,589.47 1 1
github.com/go-diskimages/dmg/udif.go:590.32,591.45 1 1
github.com/go-diskimages/dmg/udif.go:592.10,593.44 1 1
github.com/go-diskimages/dmg/udif.go:597.2,613.16 8 1
github.com/go-diskimages/dmg/udif.go:613.16,615.3 1 1
github.com/go-diskimages/dmg/udif.go:616.2,617.55 2 1
github.com/go-diskimages/dmg/udif.go:617.55,618.50 1 1
github.com/go-diskimages/dmg/udif.go:618.50,620.4 1 1
github.com/go-diskimages/dmg/udif.go:622.2,623.49 2 1
github.com/go-diskimages/dmg/udif.go:623.49,625.3 1 1
github.com/go-diskimages/dmg/udif.go:626.2,626.12 1 1
github.com/go-diskimages/dmg/udif.go:633.52,635.16 2 1
github.com/go-diskimages/dmg/udif.go:635.16,637.3 1 1
github.com/go-diskimages/dmg/udif.go:638.2,640.16 3 1
github.com/go-diskimages/dmg/udif.go:640.16,642.3 1 1
github.com/go-diskimages/dmg/udif.go:643.2,643.33 1 1
github.com/go-diskimages/dmg/udif.go:643.33,645.3 1 1
github.com/go-diskimages/dmg/udif.go:646.2,647.75 2 1
github.com/go-diskimages/dmg/udif.go:647.75,649.3 1 1
github.com/go-diskimages/dmg/udif.go:650.2,651.16 2 1
github.com/go-diskimages/dmg/udif.go:651.16,653.3 1 1
github.com/go-diskimages/dmg/udif.go:654.2,655.9 2 1
github.com/go-diskimages/dmg/udif.go:655.9,657.3 1 1
github.com/go-diskimages/dmg/udif.go:658.2,658.18 1 1
github.com/go-diskimages/dmg/udif.go:666.52,668.9 2 1
github.com/go-diskimages/dmg/udif.go:668.9,670.3 1 1
github.com/go-diskimages/dmg/udif.go:671.2,671.19 1 1
github.com/go-diskimages/dmg/udif.go:672.22,673.102 1 1
github.com/go-diskimages/dmg/udif.go:675.2,676.16 2 1
github.com/go-diskimages/dmg/udif.go:676.16,678.3 1 1
github.com/go-diskimages/dmg/udif.go:679.2,679.54 1 1
github.com/go-diskimages/dmg/udif.go:679.54,681.3 1 1
github.com/go-diskimages/dmg/udif.go:682.2,682.12 1 1
github.com/go-diskimages/dmg/udif.go:686.31,689.2 2 1
github.com/go-diskimages/dmg/udif.go:693.48,695.16 2 1
github.com/go-diskimages/dmg/udif.go:695.16,697.3 1 1
github.com/go-diskimages/dmg/udif.go:698.2,699.16 2 1
github.com/go-diskimages/dmg/udif.go:699.16,701.3 1 1
github.com/go-diskimages/dmg/udif.go:702.2,703.53 2 1
github.com/go-diskimages/dmg/udif.go:703.53,707.3 3 1
github.com/go-diskimages/dmg/udif.go:708.2,708.41 1 1
github.com/go-diskimages/dmg/udif.go:708.41,711.3 2 1
github.com/go-diskimages/dmg/udif.go:712.2,712.21 1 1
github.com/go-diskimages/dmg/udif.go:717.51,719.16 2 1
github.com/go-diskimages/dmg/udif.go:719.16,721.3 1 1
github.com/go-diskimages/dmg/udif.go:722.2,724.16 3 1
github.com/go-diskimages/dmg/udif.go:724.16,726.3 1 1
github.com/go-diskimages/dmg/udif.go:727.2,730.64 4 1
github.com/go-diskimages/dmg/udif.go:730.64,732.3 1 1
github.com/go-diskimages/dmg/udif.go:733.2,735.16 3 1
github.com/go-diskimages/dmg/udif.go:735.16,737.3 1 1
github.com/go-diskimages/dmg/udif.go:738.2,740.78 3 1
github.com/go-diskimages/dmg/udif.go:740.78,743.3 2 1
github.com/go-diskimages/dmg/udif.go:744.2,744.53 1 1
github.com/go-diskimages/dmg/udif.go:744.53,747.3 2 1
github.com/go-diskimages/dmg/udif.go:748.2,748.12 1 1
github.com/go-diskimages/dmg/udif.go:752.33,754.16 2 1
github.com/go-diskimages/dmg/udif.go:754.16,756.3 1 1
github.com/go-diskimages/dmg/udif.go:757.2,759.16 3 1
github.com/go-diskimages/dmg/udif.go:759.16,761.3 1 1
github.com/go-diskimages/dmg/udif.go:762.2,765.64 4 1
github.com/go-diskimages/dmg/udif.go:765.64,767.3 1 1
github.com/go-diskimages/dmg/udif.go:768.2,769.59 2 1
github.com/go-diskimages/dmg/udif.go:774.56,775.23 1 1
github.com/go-diskimages/dmg/udif.go:775.23,777.3 1 1
github.com/go-diskimages/dmg/udif.go:778.2,779.16 2 1
github.com/go-diskimages/dmg/udif.go:779.16,781.3 1 1
github.com/go-diskimages/dmg/udif.go:782.2,784.30 3 1
github.com/go-diskimages/dmg/udif.go:784.30,786.3 1 1
github.com/go-diskimages/dmg/udif.go:787.2,787.31 1 1
github.com/go-diskimages/dmg/udif.go:787.31,789.3 1 1
github.com/go-diskimages/dmg/udif.go:790.2,792.50 3 1
